Arguments: 
  C:\Program Files\nodejs\node.exe C:\Program Files (x86)\Yarn\bin\yarn.js add react-select-country-list

PATH: 
  C:\Program Files\Git\mingw64\bin;C:\Program Files\Git\usr\bin;C:\Users\PC\bin;C:\WINDOWS\system32;C:\WINDOWS;C:\WINDOWS\System32\Wbem;C:\WINDOWS\System32\WindowsPowerShell\v1.0;C:\WINDOWS\System32\OpenSSH;C:\Program Files\nodejs;C:\Program Files\Git\cmd;C:\Program Files (x86)\Yarn\bin;C:\Program Files\Docker\Docker\resources\bin;C:\ProgramData\DockerDesktop\version-bin;C:\Program Files\MongoDB\Server\4.4\bin;C:\Program Files\Redis;C:\Program Files\Java\jdk-13.0.2\bin;C:\Users\PC\AppData\Local\Programs\Python\Python39\Scripts;C:\Users\PC\AppData\Local\Microsoft\WindowsApps;C:\Users\PC\AppData\Local\Programs\Microsoft VS Code\bin;C:\Users\PC\AppData\Roaming\npm;C:\Program Files\nodejs;C:\Program Files\Git\usr\bin;C:\Program Files\Git\cmd;C:\Users\PC\AppData\Local\Yarn\bin

Yarn version: 
  1.22.5

Node version: 
  12.18.3

Platform: 
  win32 x64

Trace: 
  Error: EPERM: operation not permitted, unlink 'G:\LVTN\new_hp\hiep-phat\node_modules\node-sass\vendor\win32-x64-72\binding.node'

npm manifest: 
  {
    "name": "hiep-phat",
    "version": "1.0.1",
    "title": "Hiep Phat Website",
    "description": "Trung tam dao tao lai xe Hiep Phat",
    "main": "hiepphat.main.js",
    "dbName": "hiepphat",
    "port": 5090,
    "sessionRedisStore": false,
    "rootUrl": "https://hiepphat.bktphcm.net",
    "autoLogin": true,
    "scripts": {
      "nodemon": "nodemon hiepphat.main.js --ignore node_modules/ --ignore public/ --ignore src/view/ --ignore webpack.config.js --ignore *.json",
      "webpack-server": "webpack-dev-server --mode development --open --color",
      "build": "webpack --mode production"
    },
    "repository": {
      "type": "git",
      "url": "git+https://gitlab.com/hithanhtung/hiep-phat.git"
    },
    "keywords": [
      "Hiep Phat"
    ],
    "email": {
      "from": "thanhtung@hcmut.edu.vn",
      "password": "C0nc0b3b3",
      "cc": [
        "hithanhtung@gmail.com"
      ]
    },
    "default": {
      "adminEmail": "thanhtung@hcmut.edu.vn",
      "adminPassword": "18012016"
    },
    "path": {
      "view": "view",
      "module": "module",
      "log": "asset/log",
      "temp": "asset/temp",
      "upload": "asset/upload",
      "public": "public",
      "favicon": "public/img/favicon.ico"
    },
    "author": "Nguyen Thanh Tung",
    "license": "ISC",
    "devDependencies": {
      "@babel/cli": "^7.12.1",
      "@babel/core": "^7.12.3",
      "@babel/plugin-proposal-class-properties": "^7.12.1",
      "@babel/plugin-syntax-dynamic-import": "^7.8.3",
      "@babel/preset-env": "^7.12.1",
      "@babel/preset-react": "^7.12.5",
      "acorn": "^8.0.4",
      "babel-loader": "^8.1.0",
      "css-loader": "^5.0.1",
      "dateformat": "^3.0.3",
      "html-webpack-plugin": "^4.5.0",
      "in-view": "^0.6.1",
      "mini-css-extract-plugin": "^1.3.1",
      "node-sass": "^5.0.0",
      "nodemon": "^2.0.6",
      "pug-loader": "^2.4.0",
      "rc-tooltip": "^5.0.1",
      "react": "^17.0.1",
      "react-dom": "^17.0.1",
      "react-loadable": "^5.5.0",
      "react-redux": "^7.2.2",
      "react-router-dom": "^5.2.0",
      "redux": "^4.0.5",
      "redux-devtools-extension": "^2.13.8",
      "redux-thunk": "^2.3.0",
      "sass-loader": "^10.1.0",
      "style-loader": "^2.0.0",
      "webpack": "^4.44.2",
      "webpack-cli": "^3.3.12",
      "webpack-dev-server": "^3.11.0",
      "react-animated-slider": "^2.0.0",
      "socket.io-client": "^3.0.1"
    },
    "dependencies": {
      "@material-ui/core": "^4.11.0",
      "archiver": "^5.0.2",
      "basic-auth": "^2.0.1",
      "bcrypt-nodejs": "^0.0.3",
      "body-parser": "^1.19.0",
      "compression": "^1.7.4",
      "connect-redis": "^5.0.0",
      "cookie-parser": "^1.4.5",
      "country-list": "^2.2.0",
      "docxtemplater": "^3.19.6",
      "docxtemplater-image-module-free": "^1.1.1",
      "dotenv": "^8.2.0",
      "exceljs": "^4.2.0",
      "express": "^4.17.1",
      "express-session": "^1.17.1",
      "helmet": "^4.2.0",
      "html2canvas": "^1.0.0-rc.7",
      "jimp": "^0.16.1",
      "jquery": "^3.5.1",
      "json-beautify": "^1.1.1",
      "jsonwebtoken": "^8.5.1",
      "moment": "^2.29.0",
      "mongoose": "^5.10.14",
      "morgan": "^1.10.0",
      "multiparty": "^4.2.2",
      "node-schedule": "^1.3.2",
      "nodemailer": "^6.4.16",
      "passport": "^0.4.1",
      "passport-facebook": "^3.0.0",
      "passport-google-oauth": "^2.0.0",
      "pizzip": "^3.0.6",
      "pug": "^3.0.0",
      "react-select": "^3.1.0",
      "react-select-country-list": "^2.2.1",
      "react-swipeable-views": "^0.13.9",
      "redis": "^3.0.2",
      "serve-favicon": "^2.5.0",
      "socket.io": "^3.0.1",
      "xlsx": "^0.16.8"
    }
  }

yarn manifest: 
  No manifest

Lockfile: 
  No lockfile
